<?xml version="1.0" encoding="UTF-8"?>
<!-- Generated by org.testng.reporters.JUnitReportReporter -->
<testsuite hostname="DESKTOP-MC7UQM0" failures="0" tests="1" name="day3.pathAndQueryParameters" time="2.086" errors="0" timestamp="2023-02-06T16:03:26 IST" skipped="0">
  <testcase classname="day3.pathAndQueryParameters" name="testQueryAndPathParameters" time="2.086"/>
  <system-out/>
</testsuite> <!-- day3.pathAndQueryParameters -->
