<?xml version="1.0" encoding="UTF-8"?>
<!-- Generated by org.testng.reporters.JUnitReportReporter -->
<testsuite hostname="DESKTOP-MC7UQM0" failures="0" tests="1" name="day3.headersDemo" time="1.652" errors="0" timestamp="2023-02-06T17:32:15 IST" skipped="0">
  <testcase classname="day3.headersDemo" name="getHeaders" time="1.652"/>
  <system-out/>
</testsuite> <!-- day3.headersDemo -->
