<?xml version="1.0" encoding="UTF-8"?>
<!-- Generated by org.testng.reporters.JUnitReportReporter -->
<testsuite hostname="DESKTOP-MC7UQM0" failures="0" tests="1" name="day5.parsingXmlResponse" time="1.582" errors="0" timestamp="2023-02-07T20:05:45 IST" skipped="0">
  <testcase classname="day5.parsingXmlResponse" name="testXmlResponseApproach2" time="1.582"/>
  <system-out/>
</testsuite> <!-- day5.parsingXmlResponse -->
