<?xml version="1.0" encoding="UTF-8"?>
<!-- Generated by org.testng.reporters.JUnitReportReporter -->
<testsuite hostname="DESKTOP-MC7UQM0" failures="0" tests="4" name="day1.HTTPRequests" time="10.135" errors="0" timestamp="2023-02-03T16:42:09 IST" skipped="0">
  <testcase classname="day1.HTTPRequests" name="getListUsers" time="8.328"/>
  <system-out/>
  <testcase classname="day1.HTTPRequests" name="createUser" time="0.769"/>
  <system-out/>
  <testcase classname="day1.HTTPRequests" name="updateUser" time="0.514"/>
  <system-out/>
  <testcase classname="day1.HTTPRequests" name="deleteUser" time="0.524"/>
  <system-out/>
</testsuite> <!-- day1.HTTPRequests -->
