<?xml version="1.0" encoding="UTF-8"?>
<!-- Generated by org.testng.reporters.JUnitReportReporter -->
<testsuite hostname="DESKTOP-MC7UQM0" failures="0" tests="2" name="day2.waysToCreatePostReqBody" time="1.664" errors="0" timestamp="2023-02-06T15:15:22 IST" skipped="0">
  <testcase classname="day2.waysToCreatePostReqBody" name="testPostUsingExternalFile" time="1.609"/>
  <system-out/>
  <testcase classname="day2.waysToCreatePostReqBody" name="testDelete" time="0.055"/>
  <system-out/>
</testsuite> <!-- day2.waysToCreatePostReqBody -->
