<?xml version="1.0" encoding="UTF-8"?>
<!-- Generated by org.testng.reporters.JUnitReportReporter -->
<testsuite hostname="DESKTOP-MC7UQM0" failures="0" tests="1" name="day4.parsingJsonResponseData" time="1.287" errors="0" timestamp="2023-02-07T17:54:00 IST" skipped="0">
  <testcase classname="day4.parsingJsonResponseData" name="testJsonResponseBody" time="1.287"/>
  <system-out/>
</testsuite> <!-- day4.parsingJsonResponseData -->
