<?xml version="1.0" encoding="UTF-8"?>
<!-- Generated by org.testng.reporters.JUnitReportReporter -->
<testsuite hostname="DESKTOP-MC7UQM0" failures="0" tests="2" name="day2.waysToCreatePostReqBody" time="1.970" errors="0" timestamp="2023-02-04T16:15:57 IST" skipped="0">
  <testcase classname="day2.waysToCreatePostReqBody" name="testPostUsingPojoClass" time="1.936"/>
  <system-out/>
  <testcase classname="day2.waysToCreatePostReqBody" name="testDelete" time="0.034"/>
  <system-out/>
</testsuite> <!-- day2.waysToCreatePostReqBody -->
