<?xml version="1.0" encoding="UTF-8"?>
<!-- Generated by org.testng.reporters.JUnitReportReporter -->
<testsuite hostname="DESKTOP-MC7UQM0" failures="0" tests="1" name="day3.cookiesDemo" time="1.838" errors="0" timestamp="2023-02-06T16:49:48 IST" skipped="0">
  <testcase classname="day3.cookiesDemo" name="getCookiesInfo" time="1.838"/>
  <system-out/>
</testsuite> <!-- day3.cookiesDemo -->
