<?xml version="1.0" encoding="UTF-8"?>
<!-- Generated by org.testng.reporters.JUnitReportReporter -->
<testsuite hostname="DESKTOP-MC7UQM0" failures="0" tests="1" name="day3.loggingDemo" time="1.238" errors="0" timestamp="2023-02-06T17:53:14 IST" skipped="0">
  <testcase classname="day3.loggingDemo" name="testLogs" time="1.238"/>
  <system-out/>
</testsuite> <!-- day3.loggingDemo -->
